<?xml version="1.0" encoding="UTF-8"?>
<testng-results total="1" passed="1" failed="0" skipped="0">
  <reporter-output>
  </reporter-output>
  <suite started-at="2024-07-27T08:30:13Z" name="Default suite" finished-at="2024-07-27T08:32:23Z" duration-ms="129545">
    <groups>
    </groups>
    <test started-at="2024-07-27T08:30:13Z" name="Default test" finished-at="2024-07-27T08:32:23Z" duration-ms="129545">
      <class name="pageTests.TC06">
        <test-method is-config="true" signature="openBrowser()[pri:0, instance:pageTests.TC06@673fdbce]" started-at="2024-07-27T14:00:13Z" name="openBrowser" finished-at="2024-07-27T14:01:17Z" duration-ms="63596" status="PASS">
          <reporter-output>
          </reporter-output>
        </test-method> <!-- openBrowser -->
        <test-method signature="Test06()[pri:0, instance:pageTests.TC06@673fdbce]" started-at="2024-07-27T14:01:17Z" name="Test06" finished-at="2024-07-27T14:02:21Z" duration-ms="64401" status="PASS">
          <reporter-output>
          </reporter-output>
        </test-method> <!-- Test06 -->
        <test-method is-config="true" signature="tearDown()[pri:0, instance:pageTests.TC06@673fdbce]" started-at="2024-07-27T14:02:21Z" name="tearDown" finished-at="2024-07-27T14:02:23Z" duration-ms="1475" status="PASS">
          <reporter-output>
          </reporter-output>
        </test-method> <!-- tearDown -->
      </class> <!-- pageTests.TC06 -->
    </test> <!-- Default test -->
  </suite> <!-- Default suite -->
</testng-results>
